2012/02/15 13:50:28 [error] [exception.CHttpException.403] exception 'CHttpException' with message 'You are not authorized to perform this action.' in C:\xampp\htdocs\eclipse-php\workspace\ims_working\IMS_LocalWorking\framework\web\auth\CAccessControlFilter.php:158
Stack trace:
#0 C:\xampp\htdocs\eclipse-php\workspace\ims_working\IMS_LocalWorking\framework\web\auth\CAccessControlFilter.php(120): CAccessControlFilter->accessDenied(Object(CWebUser), 'You are not aut...')
#1 C:\xampp\htdocs\eclipse-php\workspace\ims_working\IMS_LocalWorking\framework\web\filters\CFilter.php(39): CAccessControlFilter->preFilter(Object(CFilterChain))
#2 C:\xampp\htdocs\eclipse-php\workspace\ims_working\IMS_LocalWorking\framework\web\CController.php(1144): CFilter->filter(Object(CFilterChain))
#3 C:\xampp\htdocs\eclipse-php\workspace\ims_working\IMS_LocalWorking\framework\web\filters\CInlineFilter.php(59): CController->filterAccessControl(Object(CFilterChain))
#4 C:\xampp\htdocs\eclipse-php\workspace\ims_working\IMS_LocalWorking\framework\web\filters\CFilterChain.php(131): CInlineFilter->filter(Object(CFilterChain))
#5 C:\xampp\htdocs\eclipse-php\workspace\ims_working\IMS_LocalWorking\framework\web\CController.php(283): CFilterChain->run()
#6 C:\xampp\htdocs\eclipse-php\workspace\ims_working\IMS_LocalWorking\framework\web\CController.php(257): CController->runActionWithFilters(Object(CInlineAction), Array)
#7 C:\xampp\htdocs\eclipse-php\workspace\ims_working\IMS_LocalWorking\framework\web\CWebApplication.php(277): CController->run('admin')
#8 C:\xampp\htdocs\eclipse-php\workspace\ims_working\IMS_LocalWorking\framework\web\CWebApplication.php(136): CWebApplication->runController('user/admin')
#9 C:\xampp\htdocs\eclipse-php\workspace\ims_working\IMS_LocalWorking\framework\base\CApplication.php(158): CWebApplication->processRequest()
#10 C:\xampp\htdocs\eclipse-php\workspace\ims_working\IMS_LocalWorking\ims\index.php(13): CApplication->run()
#11 {main} REQUEST_URI=/eclipse-php/workspace/ims_working/IMS_LocalWorking/ims/user/admin
2012/02/15 13:51:43 [error] [exception.CHttpException.403] exception 'CHttpException' with message 'You are not authorized to perform this action.' in C:\xampp\htdocs\eclipse-php\workspace\ims_working\IMS_LocalWorking\framework\web\auth\CAccessControlFilter.php:158
Stack trace:
#0 C:\xampp\htdocs\eclipse-php\workspace\ims_working\IMS_LocalWorking\framework\web\auth\CAccessControlFilter.php(120): CAccessControlFilter->accessDenied(Object(CWebUser), 'You are not aut...')
#1 C:\xampp\htdocs\eclipse-php\workspace\ims_working\IMS_LocalWorking\framework\web\filters\CFilter.php(39): CAccessControlFilter->preFilter(Object(CFilterChain))
#2 C:\xampp\htdocs\eclipse-php\workspace\ims_working\IMS_LocalWorking\framework\web\CController.php(1144): CFilter->filter(Object(CFilterChain))
#3 C:\xampp\htdocs\eclipse-php\workspace\ims_working\IMS_LocalWorking\framework\web\filters\CInlineFilter.php(59): CController->filterAccessControl(Object(CFilterChain))
#4 C:\xampp\htdocs\eclipse-php\workspace\ims_working\IMS_LocalWorking\framework\web\filters\CFilterChain.php(131): CInlineFilter->filter(Object(CFilterChain))
#5 C:\xampp\htdocs\eclipse-php\workspace\ims_working\IMS_LocalWorking\framework\web\CController.php(283): CFilterChain->run()
#6 C:\xampp\htdocs\eclipse-php\workspace\ims_working\IMS_LocalWorking\framework\web\CController.php(257): CController->runActionWithFilters(Object(CInlineAction), Array)
#7 C:\xampp\htdocs\eclipse-php\workspace\ims_working\IMS_LocalWorking\framework\web\CWebApplication.php(277): CController->run('create')
#8 C:\xampp\htdocs\eclipse-php\workspace\ims_working\IMS_LocalWorking\framework\web\CWebApplication.php(136): CWebApplication->runController('user/create')
#9 C:\xampp\htdocs\eclipse-php\workspace\ims_working\IMS_LocalWorking\framework\base\CApplication.php(158): CWebApplication->processRequest()
#10 C:\xampp\htdocs\eclipse-php\workspace\ims_working\IMS_LocalWorking\ims\index.php(13): CApplication->run()
#11 {main} REQUEST_URI=/eclipse-php/workspace/ims_working/IMS_LocalWorking/ims/user/create
2012/02/15 13:52:05 [error] [exception.CHttpException.403] exception 'CHttpException' with message 'You are not authorized to perform this action.' in C:\xampp\htdocs\eclipse-php\workspace\ims_working\IMS_LocalWorking\framework\web\auth\CAccessControlFilter.php:158
Stack trace:
#0 C:\xampp\htdocs\eclipse-php\workspace\ims_working\IMS_LocalWorking\framework\web\auth\CAccessControlFilter.php(120): CAccessControlFilter->accessDenied(Object(CWebUser), 'You are not aut...')
#1 C:\xampp\htdocs\eclipse-php\workspace\ims_working\IMS_LocalWorking\framework\web\filters\CFilter.php(39): CAccessControlFilter->preFilter(Object(CFilterChain))
#2 C:\xampp\htdocs\eclipse-php\workspace\ims_working\IMS_LocalWorking\framework\web\CController.php(1144): CFilter->filter(Object(CFilterChain))
#3 C:\xampp\htdocs\eclipse-php\workspace\ims_working\IMS_LocalWorking\framework\web\filters\CInlineFilter.php(59): CController->filterAccessControl(Object(CFilterChain))
#4 C:\xampp\htdocs\eclipse-php\workspace\ims_working\IMS_LocalWorking\framework\web\filters\CFilterChain.php(131): CInlineFilter->filter(Object(CFilterChain))
#5 C:\xampp\htdocs\eclipse-php\workspace\ims_working\IMS_LocalWorking\framework\web\CController.php(283): CFilterChain->run()
#6 C:\xampp\htdocs\eclipse-php\workspace\ims_working\IMS_LocalWorking\framework\web\CController.php(257): CController->runActionWithFilters(Object(CInlineAction), Array)
#7 C:\xampp\htdocs\eclipse-php\workspace\ims_working\IMS_LocalWorking\framework\web\CWebApplication.php(277): CController->run('create')
#8 C:\xampp\htdocs\eclipse-php\workspace\ims_working\IMS_LocalWorking\framework\web\CWebApplication.php(136): CWebApplication->runController('user/create')
#9 C:\xampp\htdocs\eclipse-php\workspace\ims_working\IMS_LocalWorking\framework\base\CApplication.php(158): CWebApplication->processRequest()
#10 C:\xampp\htdocs\eclipse-php\workspace\ims_working\IMS_LocalWorking\ims\index.php(13): CApplication->run()
#11 {main} REQUEST_URI=/eclipse-php/workspace/ims_working/IMS_LocalWorking/ims/user/create
2012/02/15 14:12:54 [error] [system.db.CDbCommand] CDbCommand::execute() failed: SQLSTATE[23000]: Integrity constraint violation: 19 user.username may not be NULL. The SQL statement executed was: INSERT INTO 'user' ("usergroup_id", "name", "password", "email", "profile", "created") VALUES (:yp0, :yp1, :yp2, :yp3, :yp4, :yp5).
in C:\xampp\htdocs\eclipse-php\workspace\ims_working\IMS_LocalWorking\ims\protected\controllers\UserController.php (72)
in C:\xampp\htdocs\eclipse-php\workspace\ims_working\IMS_LocalWorking\ims\index.php (13)
2012/02/15 14:12:54 [error] [exception.CDbException] exception 'CDbException' with message 'CDbCommand failed to execute the SQL statement: SQLSTATE[23000]: Integrity constraint violation: 19 user.username may not be NULL. The SQL statement executed was: INSERT INTO 'user' ("usergroup_id", "name", "password", "email", "profile", "created") VALUES (:yp0, :yp1, :yp2, :yp3, :yp4, :yp5)' in C:\xampp\htdocs\eclipse-php\workspace\ims_working\IMS_LocalWorking\framework\db\CDbCommand.php:336
Stack trace:
#0 C:\xampp\htdocs\eclipse-php\workspace\ims_working\IMS_LocalWorking\framework\db\ar\CActiveRecord.php(1017): CDbCommand->execute()
#1 C:\xampp\htdocs\eclipse-php\workspace\ims_working\IMS_LocalWorking\framework\db\ar\CActiveRecord.php(781): CActiveRecord->insert(NULL)
#2 C:\xampp\htdocs\eclipse-php\workspace\ims_working\IMS_LocalWorking\ims\protected\controllers\UserController.php(72): CActiveRecord->save()
#3 C:\xampp\htdocs\eclipse-php\workspace\ims_working\IMS_LocalWorking\framework\web\actions\CInlineAction.php(50): UserController->actionCreate()
#4 C:\xampp\htdocs\eclipse-php\workspace\ims_working\IMS_LocalWorking\framework\web\CController.php(300): CInlineAction->runWithParams(Array)
#5 C:\xampp\htdocs\eclipse-php\workspace\ims_working\IMS_LocalWorking\framework\web\filters\CFilterChain.php(134): CController->runAction(Object(CInlineAction))
#6 C:\xampp\htdocs\eclipse-php\workspace\ims_working\IMS_LocalWorking\framework\web\filters\CFilter.php(41): CFilterChain->run()
#7 C:\xampp\htdocs\eclipse-php\workspace\ims_working\IMS_LocalWorking\framework\web\CController.php(1144): CFilter->filter(Object(CFilterChain))
#8 C:\xampp\htdocs\eclipse-php\workspace\ims_working\IMS_LocalWorking\framework\web\filters\CInlineFilter.php(59): CController->filterAccessControl(Object(CFilterChain))
#9 C:\xampp\htdocs\eclipse-php\workspace\ims_working\IMS_LocalWorking\framework\web\filters\CFilterChain.php(131): CInlineFilter->filter(Object(CFilterChain))
#10 C:\xampp\htdocs\eclipse-php\workspace\ims_working\IMS_LocalWorking\framework\web\CController.php(283): CFilterChain->run()
#11 C:\xampp\htdocs\eclipse-php\workspace\ims_working\IMS_LocalWorking\framework\web\CController.php(257): CController->runActionWithFilters(Object(CInlineAction), Array)
#12 C:\xampp\htdocs\eclipse-php\workspace\ims_working\IMS_LocalWorking\framework\web\CWebApplication.php(277): CController->run('create')
#13 C:\xampp\htdocs\eclipse-php\workspace\ims_working\IMS_LocalWorking\framework\web\CWebApplication.php(136): CWebApplication->runController('user/create')
#14 C:\xampp\htdocs\eclipse-php\workspace\ims_working\IMS_LocalWorking\framework\base\CApplication.php(158): CWebApplication->processRequest()
#15 C:\xampp\htdocs\eclipse-php\workspace\ims_working\IMS_LocalWorking\ims\index.php(13): CApplication->run()
#16 {main} REQUEST_URI=/eclipse-php/workspace/ims_working/IMS_LocalWorking/ims/user/create
2012/02/15 14:15:00 [warning] [application] Failed to set unsafe attribute "name" of "User".
in C:\xampp\htdocs\eclipse-php\workspace\ims_working\IMS_LocalWorking\ims\protected\controllers\UserController.php (71)
in C:\xampp\htdocs\eclipse-php\workspace\ims_working\IMS_LocalWorking\ims\index.php (13)
2012/02/15 14:16:03 [warning] [application] Failed to set unsafe attribute "name" of "User".
in C:\xampp\htdocs\eclipse-php\workspace\ims_working\IMS_LocalWorking\ims\protected\controllers\UserController.php (71)
in C:\xampp\htdocs\eclipse-php\workspace\ims_working\IMS_LocalWorking\ims\index.php (13)
2012/02/15 14:16:08 [warning] [application] Failed to set unsafe attribute "name" of "User".
in C:\xampp\htdocs\eclipse-php\workspace\ims_working\IMS_LocalWorking\ims\protected\controllers\UserController.php (71)
in C:\xampp\htdocs\eclipse-php\workspace\ims_working\IMS_LocalWorking\ims\index.php (13)
2012/02/15 16:25:09 [error] [php] Missing argument 1 for LoginForm::authenticate(), called in C:\xampp\htdocs\eclipse-php\workspace\ims_working\IMS_LocalWorking\ims\protected\controllers\SiteController.php on line 96 and defined (C:\xampp\htdocs\eclipse-php\workspace\ims_working\IMS_LocalWorking\ims\protected\models\LoginForm.php:47)
Stack trace:
#0 C:\xampp\htdocs\eclipse-php\workspace\ims_working\IMS_LocalWorking\framework\web\CController.php(300): CInlineAction->runWithParams()
#1 C:\xampp\htdocs\eclipse-php\workspace\ims_working\IMS_LocalWorking\framework\web\CController.php(278): SiteController->runAction()
#2 C:\xampp\htdocs\eclipse-php\workspace\ims_working\IMS_LocalWorking\framework\web\CController.php(257): SiteController->runActionWithFilters()
#3 C:\xampp\htdocs\eclipse-php\workspace\ims_working\IMS_LocalWorking\framework\web\CWebApplication.php(277): SiteController->run()
#4 C:\xampp\htdocs\eclipse-php\workspace\ims_working\IMS_LocalWorking\framework\web\CWebApplication.php(136): CWebApplication->runController()
#5 C:\xampp\htdocs\eclipse-php\workspace\ims_working\IMS_LocalWorking\framework\base\CApplication.php(158): CWebApplication->processRequest()
#6 C:\xampp\htdocs\eclipse-php\workspace\ims_working\IMS_LocalWorking\ims\index.php(13): CWebApplication->run()
REQUEST_URI=/eclipse-php/workspace/ims_working/IMS_LocalWorking/ims/site/login
in C:\xampp\htdocs\eclipse-php\workspace\ims_working\IMS_LocalWorking\ims\protected\models\LoginForm.php (47)
in C:\xampp\htdocs\eclipse-php\workspace\ims_working\IMS_LocalWorking\ims\protected\controllers\SiteController.php (96)
in C:\xampp\htdocs\eclipse-php\workspace\ims_working\IMS_LocalWorking\ims\index.php (13)
2012/02/15 16:30:17 [warning] [application] Failed to set unsafe attribute "name" of "User".
in C:\xampp\htdocs\eclipse-php\workspace\ims_working\IMS_LocalWorking\ims\protected\controllers\UserController.php (95)
in C:\xampp\htdocs\eclipse-php\workspace\ims_working\IMS_LocalWorking\ims\index.php (13)
2012/02/15 16:30:17 [error] [php] Undefined variable: user (C:\xampp\htdocs\eclipse-php\workspace\ims_working\IMS_LocalWorking\ims\protected\models\User.php:147)
Stack trace:
#0 C:\xampp\htdocs\eclipse-php\workspace\ims_working\IMS_LocalWorking\ims\protected\controllers\UserController.php(96): User->save()
#1 unknown(0): UserController->actionUpdate()
#2 C:\xampp\htdocs\eclipse-php\workspace\ims_working\IMS_LocalWorking\framework\web\actions\CAction.php(104): ReflectionMethod->invokeArgs()
#3 C:\xampp\htdocs\eclipse-php\workspace\ims_working\IMS_LocalWorking\framework\web\actions\CInlineAction.php(48): CInlineAction->runWithParamsInternal()
#4 C:\xampp\htdocs\eclipse-php\workspace\ims_working\IMS_LocalWorking\framework\web\CController.php(300): CInlineAction->runWithParams()
#5 C:\xampp\htdocs\eclipse-php\workspace\ims_working\IMS_LocalWorking\framework\web\filters\CFilterChain.php(134): UserController->runAction()
#6 C:\xampp\htdocs\eclipse-php\workspace\ims_working\IMS_LocalWorking\framework\web\filters\CFilter.php(41): CFilterChain->run()
#7 C:\xampp\htdocs\eclipse-php\workspace\ims_working\IMS_LocalWorking\framework\web\CController.php(1144): CAccessControlFilter->filter()
#8 C:\xampp\htdocs\eclipse-php\workspace\ims_working\IMS_LocalWorking\framework\web\filters\CInlineFilter.php(59): UserController->filterAccessControl()
#9 C:\xampp\htdocs\eclipse-php\workspace\ims_working\IMS_LocalWorking\framework\web\filters\CFilterChain.php(131): CInlineFilter->filter()
#10 C:\xampp\htdocs\eclipse-php\workspace\ims_working\IMS_LocalWorking\framework\web\CController.php(283): CFilterChain->run()
#11 C:\xampp\htdocs\eclipse-php\workspace\ims_working\IMS_LocalWorking\framework\web\CController.php(257): UserController->runActionWithFilters()
#12 C:\xampp\htdocs\eclipse-php\workspace\ims_working\IMS_LocalWorking\framework\web\CWebApplication.php(277): UserController->run()
#13 C:\xampp\htdocs\eclipse-php\workspace\ims_working\IMS_LocalWorking\framework\web\CWebApplication.php(136): CWebApplication->runController()
#14 C:\xampp\htdocs\eclipse-php\workspace\ims_working\IMS_LocalWorking\framework\base\CApplication.php(158): CWebApplication->processRequest()
#15 C:\xampp\htdocs\eclipse-php\workspace\ims_working\IMS_LocalWorking\ims\index.php(13): CWebApplication->run()
REQUEST_URI=/eclipse-php/workspace/ims_working/IMS_LocalWorking/ims/user/update/14
in C:\xampp\htdocs\eclipse-php\workspace\ims_working\IMS_LocalWorking\ims\protected\models\User.php (147)
in C:\xampp\htdocs\eclipse-php\workspace\ims_working\IMS_LocalWorking\ims\protected\controllers\UserController.php (96)
in C:\xampp\htdocs\eclipse-php\workspace\ims_working\IMS_LocalWorking\ims\index.php (13)
2012/02/15 16:35:42 [warning] [application] Failed to set unsafe attribute "name" of "User".
in C:\xampp\htdocs\eclipse-php\workspace\ims_working\IMS_LocalWorking\ims\protected\controllers\UserController.php (71)
in C:\xampp\htdocs\eclipse-php\workspace\ims_working\IMS_LocalWorking\ims\index.php (13)
2012/02/15 16:36:53 [warning] [application] Failed to set unsafe attribute "name" of "User".
in C:\xampp\htdocs\eclipse-php\workspace\ims_working\IMS_LocalWorking\ims\protected\controllers\UserController.php (95)
in C:\xampp\htdocs\eclipse-php\workspace\ims_working\IMS_LocalWorking\ims\index.php (13)
2012/02/15 16:36:53 [error] [php] Undefined variable: user (C:\xampp\htdocs\eclipse-php\workspace\ims_working\IMS_LocalWorking\ims\protected\models\User.php:147)
Stack trace:
#0 C:\xampp\htdocs\eclipse-php\workspace\ims_working\IMS_LocalWorking\ims\protected\controllers\UserController.php(96): User->save()
#1 unknown(0): UserController->actionUpdate()
#2 C:\xampp\htdocs\eclipse-php\workspace\ims_working\IMS_LocalWorking\framework\web\actions\CAction.php(104): ReflectionMethod->invokeArgs()
#3 C:\xampp\htdocs\eclipse-php\workspace\ims_working\IMS_LocalWorking\framework\web\actions\CInlineAction.php(48): CInlineAction->runWithParamsInternal()
#4 C:\xampp\htdocs\eclipse-php\workspace\ims_working\IMS_LocalWorking\framework\web\CController.php(300): CInlineAction->runWithParams()
#5 C:\xampp\htdocs\eclipse-php\workspace\ims_working\IMS_LocalWorking\framework\web\filters\CFilterChain.php(134): UserController->runAction()
#6 C:\xampp\htdocs\eclipse-php\workspace\ims_working\IMS_LocalWorking\framework\web\filters\CFilter.php(41): CFilterChain->run()
#7 C:\xampp\htdocs\eclipse-php\workspace\ims_working\IMS_LocalWorking\framework\web\CController.php(1144): CAccessControlFilter->filter()
#8 C:\xampp\htdocs\eclipse-php\workspace\ims_working\IMS_LocalWorking\framework\web\filters\CInlineFilter.php(59): UserController->filterAccessControl()
#9 C:\xampp\htdocs\eclipse-php\workspace\ims_working\IMS_LocalWorking\framework\web\filters\CFilterChain.php(131): CInlineFilter->filter()
#10 C:\xampp\htdocs\eclipse-php\workspace\ims_working\IMS_LocalWorking\framework\web\CController.php(283): CFilterChain->run()
#11 C:\xampp\htdocs\eclipse-php\workspace\ims_working\IMS_LocalWorking\framework\web\CController.php(257): UserController->runActionWithFilters()
#12 C:\xampp\htdocs\eclipse-php\workspace\ims_working\IMS_LocalWorking\framework\web\CWebApplication.php(277): UserController->run()
#13 C:\xampp\htdocs\eclipse-php\workspace\ims_working\IMS_LocalWorking\framework\web\CWebApplication.php(136): CWebApplication->runController()
#14 C:\xampp\htdocs\eclipse-php\workspace\ims_working\IMS_LocalWorking\framework\base\CApplication.php(158): CWebApplication->processRequest()
#15 C:\xampp\htdocs\eclipse-php\workspace\ims_working\IMS_LocalWorking\ims\index.php(13): CWebApplication->run()
REQUEST_URI=/eclipse-php/workspace/ims_working/IMS_LocalWorking/ims/user/update/14
in C:\xampp\htdocs\eclipse-php\workspace\ims_working\IMS_LocalWorking\ims\protected\models\User.php (147)
in C:\xampp\htdocs\eclipse-php\workspace\ims_working\IMS_LocalWorking\ims\protected\controllers\UserController.php (96)
in C:\xampp\htdocs\eclipse-php\workspace\ims_working\IMS_LocalWorking\ims\index.php (13)
2012/02/15 16:37:27 [warning] [application] Failed to set unsafe attribute "name" of "User".
in C:\xampp\htdocs\eclipse-php\workspace\ims_working\IMS_LocalWorking\ims\protected\controllers\UserController.php (95)
in C:\xampp\htdocs\eclipse-php\workspace\ims_working\IMS_LocalWorking\ims\index.php (13)
2012/02/15 16:37:27 [error] [php] Undefined variable: user (C:\xampp\htdocs\eclipse-php\workspace\ims_working\IMS_LocalWorking\ims\protected\models\User.php:147)
Stack trace:
#0 C:\xampp\htdocs\eclipse-php\workspace\ims_working\IMS_LocalWorking\ims\protected\controllers\UserController.php(96): User->save()
#1 unknown(0): UserController->actionUpdate()
#2 C:\xampp\htdocs\eclipse-php\workspace\ims_working\IMS_LocalWorking\framework\web\actions\CAction.php(104): ReflectionMethod->invokeArgs()
#3 C:\xampp\htdocs\eclipse-php\workspace\ims_working\IMS_LocalWorking\framework\web\actions\CInlineAction.php(48): CInlineAction->runWithParamsInternal()
#4 C:\xampp\htdocs\eclipse-php\workspace\ims_working\IMS_LocalWorking\framework\web\CController.php(300): CInlineAction->runWithParams()
#5 C:\xampp\htdocs\eclipse-php\workspace\ims_working\IMS_LocalWorking\framework\web\filters\CFilterChain.php(134): UserController->runAction()
#6 C:\xampp\htdocs\eclipse-php\workspace\ims_working\IMS_LocalWorking\framework\web\filters\CFilter.php(41): CFilterChain->run()
#7 C:\xampp\htdocs\eclipse-php\workspace\ims_working\IMS_LocalWorking\framework\web\CController.php(1144): CAccessControlFilter->filter()
#8 C:\xampp\htdocs\eclipse-php\workspace\ims_working\IMS_LocalWorking\framework\web\filters\CInlineFilter.php(59): UserController->filterAccessControl()
#9 C:\xampp\htdocs\eclipse-php\workspace\ims_working\IMS_LocalWorking\framework\web\filters\CFilterChain.php(131): CInlineFilter->filter()
#10 C:\xampp\htdocs\eclipse-php\workspace\ims_working\IMS_LocalWorking\framework\web\CController.php(283): CFilterChain->run()
#11 C:\xampp\htdocs\eclipse-php\workspace\ims_working\IMS_LocalWorking\framework\web\CController.php(257): UserController->runActionWithFilters()
#12 C:\xampp\htdocs\eclipse-php\workspace\ims_working\IMS_LocalWorking\framework\web\CWebApplication.php(277): UserController->run()
#13 C:\xampp\htdocs\eclipse-php\workspace\ims_working\IMS_LocalWorking\framework\web\CWebApplication.php(136): CWebApplication->runController()
#14 C:\xampp\htdocs\eclipse-php\workspace\ims_working\IMS_LocalWorking\framework\base\CApplication.php(158): CWebApplication->processRequest()
#15 C:\xampp\htdocs\eclipse-php\workspace\ims_working\IMS_LocalWorking\ims\index.php(13): CWebApplication->run()
REQUEST_URI=/eclipse-php/workspace/ims_working/IMS_LocalWorking/ims/user/update/6
in C:\xampp\htdocs\eclipse-php\workspace\ims_working\IMS_LocalWorking\ims\protected\models\User.php (147)
in C:\xampp\htdocs\eclipse-php\workspace\ims_working\IMS_LocalWorking\ims\protected\controllers\UserController.php (96)
in C:\xampp\htdocs\eclipse-php\workspace\ims_working\IMS_LocalWorking\ims\index.php (13)
2012/02/15 16:38:46 [warning] [application] Failed to set unsafe attribute "name" of "User".
in C:\xampp\htdocs\eclipse-php\workspace\ims_working\IMS_LocalWorking\ims\protected\controllers\UserController.php (95)
in C:\xampp\htdocs\eclipse-php\workspace\ims_working\IMS_LocalWorking\ims\index.php (13)
2012/02/15 16:39:11 [warning] [application] Failed to set unsafe attribute "name" of "User".
in C:\xampp\htdocs\eclipse-php\workspace\ims_working\IMS_LocalWorking\ims\protected\controllers\UserController.php (95)
in C:\xampp\htdocs\eclipse-php\workspace\ims_working\IMS_LocalWorking\ims\index.php (13)
2012/02/15 16:49:23 [warning] [application] Failed to set unsafe attribute "name" of "User".
in C:\xampp\htdocs\eclipse-php\workspace\ims_working\IMS_LocalWorking\ims\protected\controllers\UserController.php (71)
in C:\xampp\htdocs\eclipse-php\workspace\ims_working\IMS_LocalWorking\ims\index.php (13)
2012/02/15 16:50:27 [warning] [application] Failed to set unsafe attribute "name" of "User".
in C:\xampp\htdocs\eclipse-php\workspace\ims_working\IMS_LocalWorking\ims\protected\controllers\UserController.php (71)
in C:\xampp\htdocs\eclipse-php\workspace\ims_working\IMS_LocalWorking\ims\index.php (13)
2012/02/15 16:55:37 [warning] [application] Failed to set unsafe attribute "name" of "User".
in C:\xampp\htdocs\eclipse-php\workspace\ims_working\IMS_LocalWorking\ims\protected\controllers\UserController.php (95)
in C:\xampp\htdocs\eclipse-php\workspace\ims_working\IMS_LocalWorking\ims\index.php (13)
2012/02/15 16:56:05 [warning] [application] Failed to set unsafe attribute "name" of "User".
in C:\xampp\htdocs\eclipse-php\workspace\ims_working\IMS_LocalWorking\ims\protected\controllers\UserController.php (95)
in C:\xampp\htdocs\eclipse-php\workspace\ims_working\IMS_LocalWorking\ims\index.php (13)
2012/02/15 16:58:13 [error] [exception.CException] exception 'CException' with message 'Property "CWebUser.username" is not defined.' in C:\xampp\htdocs\eclipse-php\workspace\ims_working\IMS_LocalWorking\framework\base\CComponent.php:131
Stack trace:
#0 C:\xampp\htdocs\eclipse-php\workspace\ims_working\IMS_LocalWorking\framework\web\auth\CWebUser.php(124): CComponent->__get('username')
#1 C:\xampp\htdocs\eclipse-php\workspace\ims_working\IMS_LocalWorking\ims\protected\views\layouts\main.php(46): CWebUser->__get('username')
#2 C:\xampp\htdocs\eclipse-php\workspace\ims_working\IMS_LocalWorking\framework\web\CBaseController.php(119): require('C:\xampp\htdocs...')
#3 C:\xampp\htdocs\eclipse-php\workspace\ims_working\IMS_LocalWorking\framework\web\CBaseController.php(88): CBaseController->renderInternal('C:\xampp\htdocs...', Array, true)
#4 C:\xampp\htdocs\eclipse-php\workspace\ims_working\IMS_LocalWorking\framework\web\widgets\CContentDecorator.php(78): CBaseController->renderFile('C:\xampp\htdocs...', Array, true)
#5 C:\xampp\htdocs\eclipse-php\workspace\ims_working\IMS_LocalWorking\framework\web\widgets\CContentDecorator.php(56): CContentDecorator->decorate('<div class="con...')
#6 C:\xampp\htdocs\eclipse-php\workspace\ims_working\IMS_LocalWorking\framework\web\widgets\COutputProcessor.php(45): CContentDecorator->processOutput('<div class="con...')
#7 C:\xampp\htdocs\eclipse-php\workspace\ims_working\IMS_LocalWorking\framework\web\CBaseController.php(199): COutputProcessor->run()
#8 C:\xampp\htdocs\eclipse-php\workspace\ims_working\IMS_LocalWorking\framework\web\CBaseController.php(294): CBaseController->endWidget('CContentDecorat...')
#9 C:\xampp\htdocs\eclipse-php\workspace\ims_working\IMS_LocalWorking\ims\protected\views\layouts\column2.php(27): CBaseController->endContent()
#10 C:\xampp\htdocs\eclipse-php\workspace\ims_working\IMS_LocalWorking\framework\web\CBaseController.php(119): require('C:\xampp\htdocs...')
#11 C:\xampp\htdocs\eclipse-php\workspace\ims_working\IMS_LocalWorking\framework\web\CBaseController.php(88): CBaseController->renderInternal('C:\xampp\htdocs...', Array, true)
#12 C:\xampp\htdocs\eclipse-php\workspace\ims_working\IMS_LocalWorking\framework\web\CController.php(781): CBaseController->renderFile('C:\xampp\htdocs...', Array, true)
#13 C:\xampp\htdocs\eclipse-php\workspace\ims_working\IMS_LocalWorking\ims\protected\controllers\UserController.php(55): CController->render('view', Array)
#14 [internal function]: UserController->actionView('14')
#15 C:\xampp\htdocs\eclipse-php\workspace\ims_working\IMS_LocalWorking\framework\web\actions\CAction.php(104): ReflectionMethod->invokeArgs(Object(UserController), Array)
#16 C:\xampp\htdocs\eclipse-php\workspace\ims_working\IMS_LocalWorking\framework\web\actions\CInlineAction.php(48): CAction->runWithParamsInternal(Object(UserController), Object(ReflectionMethod), Array)
#17 C:\xampp\htdocs\eclipse-php\workspace\ims_working\IMS_LocalWorking\framework\web\CController.php(300): CInlineAction->runWithParams(Array)
#18 C:\xampp\htdocs\eclipse-php\workspace\ims_working\IMS_LocalWorking\framework\web\filters\CFilterChain.php(134): CController->runAction(Object(CInlineAction))
#19 C:\xampp\htdocs\eclipse-php\workspace\ims_working\IMS_LocalWorking\framework\web\filters\CFilter.php(41): CFilterChain->run()
#20 C:\xampp\htdocs\eclipse-php\workspace\ims_working\IMS_LocalWorking\framework\web\CController.php(1144): CFilter->filter(Object(CFilterChain))
#21 C:\xampp\htdocs\eclipse-php\workspace\ims_working\IMS_LocalWorking\framework\web\filters\CInlineFilter.php(59): CController->filterAccessControl(Object(CFilterChain))
#22 C:\xampp\htdocs\eclipse-php\workspace\ims_working\IMS_LocalWorking\framework\web\filters\CFilterChain.php(131): CInlineFilter->filter(Object(CFilterChain))
#23 C:\xampp\htdocs\eclipse-php\workspace\ims_working\IMS_LocalWorking\framework\web\CController.php(283): CFilterChain->run()
#24 C:\xampp\htdocs\eclipse-php\workspace\ims_working\IMS_LocalWorking\framework\web\CController.php(257): CController->runActionWithFilters(Object(CInlineAction), Array)
#25 C:\xampp\htdocs\eclipse-php\workspace\ims_working\IMS_LocalWorking\framework\web\CWebApplication.php(277): CController->run('view')
#26 C:\xampp\htdocs\eclipse-php\workspace\ims_working\IMS_LocalWorking\framework\web\CWebApplication.php(136): CWebApplication->runController('user/view')
#27 C:\xampp\htdocs\eclipse-php\workspace\ims_working\IMS_LocalWorking\framework\base\CApplication.php(158): CWebApplication->processRequest()
#28 C:\xampp\htdocs\eclipse-php\workspace\ims_working\IMS_LocalWorking\ims\index.php(13): CApplication->run()
#29 {main} REQUEST_URI=/eclipse-php/workspace/ims_working/IMS_LocalWorking/ims/user/14
2012/02/15 17:18:36 [error] [exception.CHttpException.403] exception 'CHttpException' with message 'You are not authorized to perform this action.' in C:\xampp\htdocs\eclipse-php\workspace\ims_working\IMS_LocalWorking\framework\web\auth\CAccessControlFilter.php:158
Stack trace:
#0 C:\xampp\htdocs\eclipse-php\workspace\ims_working\IMS_LocalWorking\framework\web\auth\CAccessControlFilter.php(120): CAccessControlFilter->accessDenied(Object(CWebUser), 'You are not aut...')
#1 C:\xampp\htdocs\eclipse-php\workspace\ims_working\IMS_LocalWorking\framework\web\filters\CFilter.php(39): CAccessControlFilter->preFilter(Object(CFilterChain))
#2 C:\xampp\htdocs\eclipse-php\workspace\ims_working\IMS_LocalWorking\framework\web\CController.php(1144): CFilter->filter(Object(CFilterChain))
#3 C:\xampp\htdocs\eclipse-php\workspace\ims_working\IMS_LocalWorking\framework\web\filters\CInlineFilter.php(59): CController->filterAccessControl(Object(CFilterChain))
#4 C:\xampp\htdocs\eclipse-php\workspace\ims_working\IMS_LocalWorking\framework\web\filters\CFilterChain.php(131): CInlineFilter->filter(Object(CFilterChain))
#5 C:\xampp\htdocs\eclipse-php\workspace\ims_working\IMS_LocalWorking\framework\web\CController.php(283): CFilterChain->run()
#6 C:\xampp\htdocs\eclipse-php\workspace\ims_working\IMS_LocalWorking\framework\web\CController.php(257): CController->runActionWithFilters(Object(CInlineAction), Array)
#7 C:\xampp\htdocs\eclipse-php\workspace\ims_working\IMS_LocalWorking\framework\web\CWebApplication.php(277): CController->run('admin')
#8 C:\xampp\htdocs\eclipse-php\workspace\ims_working\IMS_LocalWorking\framework\web\CWebApplication.php(136): CWebApplication->runController('user/admin')
#9 C:\xampp\htdocs\eclipse-php\workspace\ims_working\IMS_LocalWorking\framework\base\CApplication.php(158): CWebApplication->processRequest()
#10 C:\xampp\htdocs\eclipse-php\workspace\ims_working\IMS_LocalWorking\ims\index.php(13): CApplication->run()
#11 {main} REQUEST_URI=/eclipse-php/workspace/ims_working/IMS_LocalWorking/ims/user/admin
2012/02/15 17:18:40 [error] [exception.CHttpException.403] exception 'CHttpException' with message 'You are not authorized to perform this action.' in C:\xampp\htdocs\eclipse-php\workspace\ims_working\IMS_LocalWorking\framework\web\auth\CAccessControlFilter.php:158
Stack trace:
#0 C:\xampp\htdocs\eclipse-php\workspace\ims_working\IMS_LocalWorking\framework\web\auth\CAccessControlFilter.php(120): CAccessControlFilter->accessDenied(Object(CWebUser), 'You are not aut...')
#1 C:\xampp\htdocs\eclipse-php\workspace\ims_working\IMS_LocalWorking\framework\web\filters\CFilter.php(39): CAccessControlFilter->preFilter(Object(CFilterChain))
#2 C:\xampp\htdocs\eclipse-php\workspace\ims_working\IMS_LocalWorking\framework\web\CController.php(1144): CFilter->filter(Object(CFilterChain))
#3 C:\xampp\htdocs\eclipse-php\workspace\ims_working\IMS_LocalWorking\framework\web\filters\CInlineFilter.php(59): CController->filterAccessControl(Object(CFilterChain))
#4 C:\xampp\htdocs\eclipse-php\workspace\ims_working\IMS_LocalWorking\framework\web\filters\CFilterChain.php(131): CInlineFilter->filter(Object(CFilterChain))
#5 C:\xampp\htdocs\eclipse-php\workspace\ims_working\IMS_LocalWorking\framework\web\CController.php(283): CFilterChain->run()
#6 C:\xampp\htdocs\eclipse-php\workspace\ims_working\IMS_LocalWorking\framework\web\CController.php(257): CController->runActionWithFilters(Object(CInlineAction), Array)
#7 C:\xampp\htdocs\eclipse-php\workspace\ims_working\IMS_LocalWorking\framework\web\CWebApplication.php(277): CController->run('admin')
#8 C:\xampp\htdocs\eclipse-php\workspace\ims_working\IMS_LocalWorking\framework\web\CWebApplication.php(136): CWebApplication->runController('user/admin')
#9 C:\xampp\htdocs\eclipse-php\workspace\ims_working\IMS_LocalWorking\framework\base\CApplication.php(158): CWebApplication->processRequest()
#10 C:\xampp\htdocs\eclipse-php\workspace\ims_working\IMS_LocalWorking\ims\index.php(13): CApplication->run()
#11 {main} REQUEST_URI=/eclipse-php/workspace/ims_working/IMS_LocalWorking/ims/user/admin
2012/02/15 17:19:33 [error] [exception.CHttpException.403] exception 'CHttpException' with message 'You are not authorized to perform this action.' in C:\xampp\htdocs\eclipse-php\workspace\ims_working\IMS_LocalWorking\framework\web\auth\CAccessControlFilter.php:158
Stack trace:
#0 C:\xampp\htdocs\eclipse-php\workspace\ims_working\IMS_LocalWorking\framework\web\auth\CAccessControlFilter.php(120): CAccessControlFilter->accessDenied(Object(CWebUser), 'You are not aut...')
#1 C:\xampp\htdocs\eclipse-php\workspace\ims_working\IMS_LocalWorking\framework\web\filters\CFilter.php(39): CAccessControlFilter->preFilter(Object(CFilterChain))
#2 C:\xampp\htdocs\eclipse-php\workspace\ims_working\IMS_LocalWorking\framework\web\CController.php(1144): CFilter->filter(Object(CFilterChain))
#3 C:\xampp\htdocs\eclipse-php\workspace\ims_working\IMS_LocalWorking\framework\web\filters\CInlineFilter.php(59): CController->filterAccessControl(Object(CFilterChain))
#4 C:\xampp\htdocs\eclipse-php\workspace\ims_working\IMS_LocalWorking\framework\web\filters\CFilterChain.php(131): CInlineFilter->filter(Object(CFilterChain))
#5 C:\xampp\htdocs\eclipse-php\workspace\ims_working\IMS_LocalWorking\framework\web\CController.php(283): CFilterChain->run()
#6 C:\xampp\htdocs\eclipse-php\workspace\ims_working\IMS_LocalWorking\framework\web\CController.php(257): CController->runActionWithFilters(Object(CInlineAction), Array)
#7 C:\xampp\htdocs\eclipse-php\workspace\ims_working\IMS_LocalWorking\framework\web\CWebApplication.php(277): CController->run('admin')
#8 C:\xampp\htdocs\eclipse-php\workspace\ims_working\IMS_LocalWorking\framework\web\CWebApplication.php(136): CWebApplication->runController('user/admin')
#9 C:\xampp\htdocs\eclipse-php\workspace\ims_working\IMS_LocalWorking\framework\base\CApplication.php(158): CWebApplication->processRequest()
#10 C:\xampp\htdocs\eclipse-php\workspace\ims_working\IMS_LocalWorking\ims\index.php(13): CApplication->run()
#11 {main} REQUEST_URI=/eclipse-php/workspace/ims_working/IMS_LocalWorking/ims/user/admin
2012/02/15 17:21:57 [error] [exception.CHttpException.403] exception 'CHttpException' with message 'You are not authorized to perform this action.' in C:\xampp\htdocs\eclipse-php\workspace\ims_working\IMS_LocalWorking\framework\web\auth\CAccessControlFilter.php:158
Stack trace:
#0 C:\xampp\htdocs\eclipse-php\workspace\ims_working\IMS_LocalWorking\framework\web\auth\CAccessControlFilter.php(120): CAccessControlFilter->accessDenied(Object(CWebUser), 'You are not aut...')
#1 C:\xampp\htdocs\eclipse-php\workspace\ims_working\IMS_LocalWorking\framework\web\filters\CFilter.php(39): CAccessControlFilter->preFilter(Object(CFilterChain))
#2 C:\xampp\htdocs\eclipse-php\workspace\ims_working\IMS_LocalWorking\framework\web\CController.php(1144): CFilter->filter(Object(CFilterChain))
#3 C:\xampp\htdocs\eclipse-php\workspace\ims_working\IMS_LocalWorking\framework\web\filters\CInlineFilter.php(59): CController->filterAccessControl(Object(CFilterChain))
#4 C:\xampp\htdocs\eclipse-php\workspace\ims_working\IMS_LocalWorking\framework\web\filters\CFilterChain.php(131): CInlineFilter->filter(Object(CFilterChain))
#5 C:\xampp\htdocs\eclipse-php\workspace\ims_working\IMS_LocalWorking\framework\web\CController.php(283): CFilterChain->run()
#6 C:\xampp\htdocs\eclipse-php\workspace\ims_working\IMS_LocalWorking\framework\web\CController.php(257): CController->runActionWithFilters(Object(CInlineAction), Array)
#7 C:\xampp\htdocs\eclipse-php\workspace\ims_working\IMS_LocalWorking\framework\web\CWebApplication.php(277): CController->run('admin')
#8 C:\xampp\htdocs\eclipse-php\workspace\ims_working\IMS_LocalWorking\framework\web\CWebApplication.php(136): CWebApplication->runController('user/admin')
#9 C:\xampp\htdocs\eclipse-php\workspace\ims_working\IMS_LocalWorking\framework\base\CApplication.php(158): CWebApplication->processRequest()
#10 C:\xampp\htdocs\eclipse-php\workspace\ims_working\IMS_LocalWorking\ims\index.php(13): CApplication->run()
#11 {main} REQUEST_URI=/eclipse-php/workspace/ims_working/IMS_LocalWorking/ims/user/admin
2012/02/16 12:35:23 [error] [exception.CHttpException.404] exception 'CHttpException' with message 'The system is unable to find the requested action "install".' in C:\xampp\htdocs\stock_system\framework\web\CController.php:477
Stack trace:
#0 C:\xampp\htdocs\stock_system\framework\web\CController.php(262): CController->missingAction('install')
#1 C:\xampp\htdocs\stock_system\framework\web\CWebApplication.php(277): CController->run('install')
#2 C:\xampp\htdocs\stock_system\framework\web\CWebApplication.php(136): CWebApplication->runController('site/install/in...')
#3 C:\xampp\htdocs\stock_system\framework\base\CApplication.php(158): CWebApplication->processRequest()
#4 C:\xampp\htdocs\stock_system\ims\index.php(18): CApplication->run()
#5 {main} REQUEST_URI=/stock_system/ims/site/install/index.php
2012/02/16 12:35:39 [error] [exception.CHttpException.404] exception 'CHttpException' with message 'The system is unable to find the requested action "install".' in C:\xampp\htdocs\stock_system\framework\web\CController.php:477
Stack trace:
#0 C:\xampp\htdocs\stock_system\framework\web\CController.php(262): CController->missingAction('install')
#1 C:\xampp\htdocs\stock_system\framework\web\CWebApplication.php(277): CController->run('install')
#2 C:\xampp\htdocs\stock_system\framework\web\CWebApplication.php(136): CWebApplication->runController('site/install/in...')
#3 C:\xampp\htdocs\stock_system\framework\base\CApplication.php(158): CWebApplication->processRequest()
#4 C:\xampp\htdocs\stock_system\ims\index.php(18): CApplication->run()
#5 {main} REQUEST_URI=/stock_system/ims/site/install/index.php
2012/02/16 12:36:39 [error] [exception.CHttpException.404] exception 'CHttpException' with message 'The system is unable to find the requested action "install".' in C:\xampp\htdocs\stock_system\framework\web\CController.php:477
Stack trace:
#0 C:\xampp\htdocs\stock_system\framework\web\CController.php(262): CController->missingAction('install')
#1 C:\xampp\htdocs\stock_system\framework\web\CWebApplication.php(277): CController->run('install')
#2 C:\xampp\htdocs\stock_system\framework\web\CWebApplication.php(136): CWebApplication->runController('site/install/in...')
#3 C:\xampp\htdocs\stock_system\framework\base\CApplication.php(158): CWebApplication->processRequest()
#4 C:\xampp\htdocs\stock_system\ims\index.php(16): CApplication->run()
#5 {main} REQUEST_URI=/stock_system/ims/site/install/index.php
2012/02/16 12:36:45 [error] [exception.CHttpException.404] exception 'CHttpException' with message 'The system is unable to find the requested action "install".' in C:\xampp\htdocs\stock_system\framework\web\CController.php:477
Stack trace:
#0 C:\xampp\htdocs\stock_system\framework\web\CController.php(262): CController->missingAction('install')
#1 C:\xampp\htdocs\stock_system\framework\web\CWebApplication.php(277): CController->run('install')
#2 C:\xampp\htdocs\stock_system\framework\web\CWebApplication.php(136): CWebApplication->runController('site/install/in...')
#3 C:\xampp\htdocs\stock_system\framework\base\CApplication.php(158): CWebApplication->processRequest()
#4 C:\xampp\htdocs\stock_system\ims\index.php(16): CApplication->run()
#5 {main} REQUEST_URI=/stock_system/ims/site/install/index.php
